<?xml version="1.0" encoding="UTF-8"?>
<!-- Generated by org.testng.reporters.JUnitXMLReporter -->
<testsuite ignored="0" hostname="DESKTOP-ROLOOPG" failures="0" tests="3" name="DockerSeleniumGridTest" time="125.364" errors="0" timestamp="2024-07-25T12:50:08 CDT">
  <testcase classname="SeleniumGrid.ChromeTest" name="ChromeNodeTest" time="46.045"/>
  <testcase classname="SeleniumGrid.EdgeTest" name="EdgeNodeTest" time="62.289"/>
  <testcase classname="SeleniumGrid.FireFoxTest" name="FireFoxNodeTest" time="65.228"/>
</testsuite> <!-- DockerSeleniumGridTest -->
