<?xml version="1.0" encoding="UTF-8"?>
<!-- Generated by org.testng.reporters.JUnitXMLReporter -->
<testsuite ignored="0" hostname="DESKTOP-ROLOOPG" failures="1" tests="3" name="Test" time="150.456" errors="0" timestamp="2024-07-24T08:37:51 CDT">
  <testcase classname="SeleniumGrid.FireFoxTest" name="FireFoxNodeTest" time="31.702"/>
  <testcase classname="SeleniumGrid.EdgeTest" name="EdgeNodeTest" time="28.363"/>
  <testcase classname="SeleniumGrid.ChromeTest" name="ChromeNodeTest" time="0.157">
    <failure type="org.openqa.selenium.SessionNotCreatedException" message="Could not start a new session. Possible causes are invalid address of the remote server or browser start-up failure. 
Host info: host: &amp;apos;DESKTOP-ROLOOPG&amp;apos;, ip: &amp;apos;192.168.1.10&amp;apos;
Build info: version: &amp;apos;4.13.0&amp;apos;, revision: &amp;apos;ba948ece5b*&amp;apos;
System info: os.name: &amp;apos;Windows 11&amp;apos;, os.arch: &amp;apos;amd64&amp;apos;, os.version: &amp;apos;10.0&amp;apos;, java.version: &amp;apos;17.0.9&amp;apos;
Driver info: org.openqa.selenium.remote.RemoteWebDriver
Command: [null, newSession {capabilities=[Capabilities {browserName: chrome, goog:chromeOptions: {args: [--remote-allow-origins=*], extensions: []}}]}]
Capabilities {browserName: chrome, goog:chromeOptions: {args: [--remote-allow-origins=*], extensions: []}}">
      <![CDATA[org.openqa.selenium.SessionNotCreatedException: Could not start a new session. Possible causes are invalid address of the remote server or browser start-up failure. 
Host info: host: 'DESKTOP-ROLOOPG', ip: '192.168.1.10'
Build info: version: '4.13.0', revision: 'ba948ece5b*'
System info: os.name: 'Windows 11', os.arch: 'amd64', os.version: '10.0', java.version: '17.0.9'
Driver info: org.openqa.selenium.remote.RemoteWebDriver
Command: [null, newSession {capabilities=[Capabilities {browserName: chrome, goog:chromeOptions: {args: [--remote-allow-origins=*], extensions: []}}]}]
Capabilities {browserName: chrome, goog:chromeOptions: {args: [--remote-allow-origins=*], extensions: []}}
at org.openqa.selenium.remote.RemoteWebDriver.execute(RemoteWebDriver.java:620)
at org.openqa.selenium.remote.RemoteWebDriver.startSession(RemoteWebDriver.java:236)
at org.openqa.selenium.remote.RemoteWebDriver.<init>(RemoteWebDriver.java:163)
at org.openqa.selenium.remote.RemoteWebDriver.<init>(RemoteWebDriver.java:143)
at SeleniumGrid.ChromeTest.ChromeNodeTest(ChromeTest.java:21)
at java.base/java.util.ArrayList.forEach(ArrayList.java:1511)
Caused by: java.io.UncheckedIOException: org.asynchttpclient.exception.RemotelyClosedException: Remotely closed
at org.openqa.selenium.remote.http.netty.NettyHttpHandler.makeCall(NettyHttpHandler.java:73)
at org.openqa.selenium.remote.http.AddSeleniumUserAgent.lambda$apply$0(AddSeleniumUserAgent.java:42)
at org.openqa.selenium.remote.http.Filter.lambda$andFinally$1(Filter.java:55)
at org.openqa.selenium.remote.http.netty.NettyHttpHandler.execute(NettyHttpHandler.java:48)
at org.openqa.selenium.remote.http.netty.NettyClient.execute(NettyClient.java:96)
at org.openqa.selenium.remote.tracing.TracedHttpClient.execute(TracedHttpClient.java:54)
at org.openqa.selenium.remote.ProtocolHandshake.createSession(ProtocolHandshake.java:115)
at org.openqa.selenium.remote.ProtocolHandshake.createSession(ProtocolHandshake.java:96)
at org.openqa.selenium.remote.ProtocolHandshake.createSession(ProtocolHandshake.java:68)
at org.openqa.selenium.remote.HttpCommandExecutor.execute(HttpCommandExecutor.java:163)
at org.openqa.selenium.remote.TracedCommandExecutor.execute(TracedCommandExecutor.java:51)
at org.openqa.selenium.remote.RemoteWebDriver.execute(RemoteWebDriver.java:602)
... 32 more
Caused by: org.asynchttpclient.exception.RemotelyClosedException: Remotely closed
at org.asynchttpclient.exception.RemotelyClosedException.INSTANCE(Unknown Source)
... Removed 27 stack frames]]>
    </failure>
  </testcase> <!-- ChromeNodeTest -->
</testsuite> <!-- Test -->
